<?xml version="1.0" encoding="UTF-8"?>
<testsuite xmlns:xsi="http://www.w3.org/2001/XMLSchema-instance" xsi:noNamespaceSchemaLocation="https://maven.apache.org/surefire/maven-surefire-plugin/xsd/surefire-test-report.xsd" name="MyTest" time="0.069" tests="20" errors="1" skipped="0" failures="0">
  <properties>
[...]
</properties>
  <testcase name="testCardConstructor" classname="MyTest" time="0.026"/>
  <testcase name="testEvaluateBankerDraw2" classname="MyTest" time="0.001"/>
  <testcase name="testGenerateDeck" classname="MyTest" time="0.001"/>
  <testcase name="testEvaluateWinningsPlayerWins" classname="MyTest" time="0.008">
    <error message="Cannot invoke &quot;BaccaratGame.evaluateWinnings()&quot; because &quot;this.game&quot; is null" type="java.lang.NullPointerException">java.lang.NullPointerException: Cannot invoke "BaccaratGame.evaluateWinnings()" because "this.game" is null
	at MyTest.testEvaluateWinningsPlayerWins(MyTest.java:220)
</error>
  </testcase>
  <testcase name="testWhoWonBanker" classname="MyTest" time="0"/>
  <testcase name="testTopCards" classname="MyTest" time="0.001"/>
  <testcase name="testWhoWonPlayer" classname="MyTest" time="0.001"/>
  <testcase name="testShuffleDeck" classname="MyTest" time="0.002"/>
  <testcase name="testDealHandShuffled" classname="MyTest" time="0"/>
  <testcase name="testDrawOneShuffled" classname="MyTest" time="0.001"/>
  <testcase name="testHandTotal2" classname="MyTest" time="0.001"/>
  <testcase name="testEvaluateBankerDraw" classname="MyTest" time="0.001"/>
  <testcase name="testHandTotal" classname="MyTest" time="0.002"/>
  <testcase name="testGenerateDeckSize2" classname="MyTest" time="0"/>
  <testcase name="testDealHand" classname="MyTest" time="0"/>
  <testcase name="testShuffleDeck2" classname="MyTest" time="0.001"/>
  <testcase name="testEvaluatePlayerDraw2" classname="MyTest" time="0"/>
  <testcase name="testDrawOne" classname="MyTest" time="0"/>
  <testcase name="testWhoWonDraw" classname="MyTest" time="0.002"/>
  <testcase name="testEvaluatePlayerDraw" classname="MyTest" time="0"/>
</testsuite>